Analysis & Synthesis report for MandelBrotDisplay
Mon Nov 25 21:18:26 2019
Quartus Prime Version 18.1.0 Build 625 09/12/2018 SJ Lite Edition


---------------------
; Table of Contents ;
---------------------
  1. Legal Notice
  2. Analysis & Synthesis Summary
  3. Analysis & Synthesis Settings
  4. Parallel Compilation
  5. Analysis & Synthesis Source Files Read
  6. Analysis & Synthesis Resource Usage Summary
  7. Analysis & Synthesis Resource Utilization by Entity
  8. State Machine - |MandelBrotDisplay|Ps2Controller:ps2|s_ps2_transceiver
  9. State Machine - |MandelBrotDisplay|Ps2Controller:ps2|Altera_UP_PS2_Command_Out:PS2_Command_Out|s_ps2_transmitter
 10. State Machine - |MandelBrotDisplay|Ps2Controller:ps2|Altera_UP_PS2_Data_In:PS2_Data_In|s_ps2_receiver
 11. Registers Removed During Synthesis
 12. Removed Registers Triggering Further Register Optimizations
 13. General Register Statistics
 14. Multiplexer Restructuring Statistics (Restructuring Performed)
 15. Parameter Settings for User Entity Instance: Ps2Controller:ps2
 16. Parameter Settings for User Entity Instance: Ps2Controller:ps2|Altera_UP_PS2_Command_Out:PS2_Command_Out
 17. Port Connectivity Checks: "Ps2Controller:ps2"
 18. Post-Synthesis Netlist Statistics for Top Partition
 19. Elapsed Time Per Partition
 20. Analysis & Synthesis Messages
 21. Analysis & Synthesis Suppressed Messages



----------------
; Legal Notice ;
----------------
Copyright (C) 2018  Intel Corporation. All rights reserved.
Your use of Intel Corporation's design tools, logic functions 
and other software and tools, and its AMPP partner logic 
functions, and any output files from any of the foregoing 
(including device programming or simulation files), and any 
associated documentation or information are expressly subject 
to the terms and conditions of the Intel Program License 
Subscription Agreement, the Intel Quartus Prime License Agreement,
the Intel FPGA IP License Agreement, or other applicable license
agreement, including, without limitation, that your use is for
the sole purpose of programming logic devices manufactured by
Intel and sold by Intel or its authorized distributors.  Please
refer to the applicable agreement for further details.



+-------------------------------------------------------------------------------+
; Analysis & Synthesis Summary                                                  ;
+---------------------------------+---------------------------------------------+
; Analysis & Synthesis Status     ; Successful - Mon Nov 25 21:18:26 2019       ;
; Quartus Prime Version           ; 18.1.0 Build 625 09/12/2018 SJ Lite Edition ;
; Revision Name                   ; MandelBrotDisplay                           ;
; Top-level Entity Name           ; MandelBrotDisplay                           ;
; Family                          ; Cyclone V                                   ;
; Logic utilization (in ALMs)     ; N/A                                         ;
; Total registers                 ; 50                                          ;
; Total pins                      ; 69                                          ;
; Total virtual pins              ; 0                                           ;
; Total block memory bits         ; 0                                           ;
; Total DSP Blocks                ; 0                                           ;
; Total HSSI RX PCSs              ; 0                                           ;
; Total HSSI PMA RX Deserializers ; 0                                           ;
; Total HSSI TX PCSs              ; 0                                           ;
; Total HSSI PMA TX Serializers   ; 0                                           ;
; Total PLLs                      ; 0                                           ;
; Total DLLs                      ; 0                                           ;
+---------------------------------+---------------------------------------------+


+---------------------------------------------------------------------------------------------------------------------------+
; Analysis & Synthesis Settings                                                                                             ;
+---------------------------------------------------------------------------------+--------------------+--------------------+
; Option                                                                          ; Setting            ; Default Value      ;
+---------------------------------------------------------------------------------+--------------------+--------------------+
; Device                                                                          ; 5CSEMA5F31C6       ;                    ;
; Top-level entity name                                                           ; MandelBrotDisplay  ; MandelBrotDisplay  ;
; Family name                                                                     ; Cyclone V          ; Cyclone V          ;
; Use smart compilation                                                           ; Off                ; Off                ;
; Enable parallel Assembler and Timing Analyzer during compilation                ; On                 ; On                 ;
; Enable compact report table                                                     ; Off                ; Off                ;
; Restructure Multiplexers                                                        ; Auto               ; Auto               ;
; MLAB Add Timing Constraints For Mixed-Port Feed-Through Mode Setting Don't Care ; Off                ; Off                ;
; Create Debugging Nodes for IP Cores                                             ; Off                ; Off                ;
; Preserve fewer node names                                                       ; On                 ; On                 ;
; Intel FPGA IP Evaluation Mode                                                   ; Enable             ; Enable             ;
; Verilog Version                                                                 ; Verilog_2001       ; Verilog_2001       ;
; VHDL Version                                                                    ; VHDL_1993          ; VHDL_1993          ;
; State Machine Processing                                                        ; Auto               ; Auto               ;
; Safe State Machine                                                              ; Off                ; Off                ;
; Extract Verilog State Machines                                                  ; On                 ; On                 ;
; Extract VHDL State Machines                                                     ; On                 ; On                 ;
; Ignore Verilog initial constructs                                               ; Off                ; Off                ;
; Iteration limit for constant Verilog loops                                      ; 5000               ; 5000               ;
; Iteration limit for non-constant Verilog loops                                  ; 250                ; 250                ;
; Add Pass-Through Logic to Inferred RAMs                                         ; On                 ; On                 ;
; Infer RAMs from Raw Logic                                                       ; On                 ; On                 ;
; Parallel Synthesis                                                              ; On                 ; On                 ;
; DSP Block Balancing                                                             ; Auto               ; Auto               ;
; NOT Gate Push-Back                                                              ; On                 ; On                 ;
; Power-Up Don't Care                                                             ; On                 ; On                 ;
; Remove Redundant Logic Cells                                                    ; Off                ; Off                ;
; Remove Duplicate Registers                                                      ; On                 ; On                 ;
; Ignore CARRY Buffers                                                            ; Off                ; Off                ;
; Ignore CASCADE Buffers                                                          ; Off                ; Off                ;
; Ignore GLOBAL Buffers                                                           ; Off                ; Off                ;
; Ignore ROW GLOBAL Buffers                                                       ; Off                ; Off                ;
; Ignore LCELL Buffers                                                            ; Off                ; Off                ;
; Ignore SOFT Buffers                                                             ; On                 ; On                 ;
; Limit AHDL Integers to 32 Bits                                                  ; Off                ; Off                ;
; Optimization Technique                                                          ; Balanced           ; Balanced           ;
; Carry Chain Length                                                              ; 70                 ; 70                 ;
; Auto Carry Chains                                                               ; On                 ; On                 ;
; Auto Open-Drain Pins                                                            ; On                 ; On                 ;
; Perform WYSIWYG Primitive Resynthesis                                           ; Off                ; Off                ;
; Auto ROM Replacement                                                            ; On                 ; On                 ;
; Auto RAM Replacement                                                            ; On                 ; On                 ;
; Auto DSP Block Replacement                                                      ; On                 ; On                 ;
; Auto Shift Register Replacement                                                 ; Auto               ; Auto               ;
; Allow Shift Register Merging across Hierarchies                                 ; Auto               ; Auto               ;
; Auto Clock Enable Replacement                                                   ; On                 ; On                 ;
; Strict RAM Replacement                                                          ; Off                ; Off                ;
; Allow Synchronous Control Signals                                               ; On                 ; On                 ;
; Force Use of Synchronous Clear Signals                                          ; Off                ; Off                ;
; Auto Resource Sharing                                                           ; Off                ; Off                ;
; Allow Any RAM Size For Recognition                                              ; Off                ; Off                ;
; Allow Any ROM Size For Recognition                                              ; Off                ; Off                ;
; Allow Any Shift Register Size For Recognition                                   ; Off                ; Off                ;
; Use LogicLock Constraints during Resource Balancing                             ; On                 ; On                 ;
; Ignore translate_off and synthesis_off directives                               ; Off                ; Off                ;
; Timing-Driven Synthesis                                                         ; On                 ; On                 ;
; Report Parameter Settings                                                       ; On                 ; On                 ;
; Report Source Assignments                                                       ; On                 ; On                 ;
; Report Connectivity Checks                                                      ; On                 ; On                 ;
; Ignore Maximum Fan-Out Assignments                                              ; Off                ; Off                ;
; Synchronization Register Chain Length                                           ; 3                  ; 3                  ;
; Power Optimization During Synthesis                                             ; Normal compilation ; Normal compilation ;
; HDL message level                                                               ; Level2             ; Level2             ;
; Suppress Register Optimization Related Messages                                 ; Off                ; Off                ;
; Number of Removed Registers Reported in Synthesis Report                        ; 5000               ; 5000               ;
; Number of Swept Nodes Reported in Synthesis Report                              ; 5000               ; 5000               ;
; Number of Inverted Registers Reported in Synthesis Report                       ; 100                ; 100                ;
; Clock MUX Protection                                                            ; On                 ; On                 ;
; Auto Gated Clock Conversion                                                     ; Off                ; Off                ;
; Block Design Naming                                                             ; Auto               ; Auto               ;
; SDC constraint protection                                                       ; Off                ; Off                ;
; Synthesis Effort                                                                ; Auto               ; Auto               ;
; Shift Register Replacement - Allow Asynchronous Clear Signal                    ; On                 ; On                 ;
; Pre-Mapping Resynthesis Optimization                                            ; Off                ; Off                ;
; Analysis & Synthesis Message Level                                              ; Medium             ; Medium             ;
; Disable Register Merging Across Hierarchies                                     ; Auto               ; Auto               ;
; Resource Aware Inference For Block RAM                                          ; On                 ; On                 ;
; Automatic Parallel Synthesis                                                    ; On                 ; On                 ;
; Partial Reconfiguration Bitstream ID                                            ; Off                ; Off                ;
+---------------------------------------------------------------------------------+--------------------+--------------------+


+------------------------------------------+
; Parallel Compilation                     ;
+----------------------------+-------------+
; Processors                 ; Number      ;
+----------------------------+-------------+
; Number detected on machine ; 12          ;
; Maximum allowed            ; 12          ;
;                            ;             ;
; Average used               ; 1.00        ;
; Maximum used               ; 12          ;
;                            ;             ;
; Usage by Processor         ; % Time Used ;
;     Processor 1            ; 100.0%      ;
;     Processors 2-12        ;   0.0%      ;
+----------------------------+-------------+


+------------------------------------------------------------------------------------------------------------------------------------------------------------------------------------------------------+
; Analysis & Synthesis Source Files Read                                                                                                                                                               ;
+----------------------------------+-----------------+------------------------------+--------------------------------------------------------------------------------------------------------+---------+
; File Name with User-Entered Path ; Used in Netlist ; File Type                    ; File Name with Absolute Path                                                                           ; Library ;
+----------------------------------+-----------------+------------------------------+--------------------------------------------------------------------------------------------------------+---------+
; MandelBrotDisplay.v              ; yes             ; User Verilog HDL File        ; C:/Users/David Baines/OneDrive/Uni/Fall 2019/ECE241/FinalProject/keyboards/MandelBrotDisplay.v         ;         ;
; Altera_UP_PS2_Command_Out.v      ; yes             ; User Verilog HDL File        ; C:/Users/David Baines/OneDrive/Uni/Fall 2019/ECE241/FinalProject/keyboards/Altera_UP_PS2_Command_Out.v ;         ;
; Altera_UP_PS2_Data_In.v          ; yes             ; User Verilog HDL File        ; C:/Users/David Baines/OneDrive/Uni/Fall 2019/ECE241/FinalProject/keyboards/Altera_UP_PS2_Data_In.v     ;         ;
; ps2controller.v                  ; yes             ; Auto-Found Verilog HDL File  ; C:/Users/David Baines/OneDrive/Uni/Fall 2019/ECE241/FinalProject/keyboards/ps2controller.v             ;         ;
+----------------------------------+-----------------+------------------------------+--------------------------------------------------------------------------------------------------------+---------+


+--------------------------------------------------------------+
; Analysis & Synthesis Resource Usage Summary                  ;
+---------------------------------------------+----------------+
; Resource                                    ; Usage          ;
+---------------------------------------------+----------------+
; Estimate of Logic utilization (ALMs needed) ; 28             ;
;                                             ;                ;
; Combinational ALUT usage for logic          ; 24             ;
;     -- 7 input functions                    ; 0              ;
;     -- 6 input functions                    ; 8              ;
;     -- 5 input functions                    ; 8              ;
;     -- 4 input functions                    ; 2              ;
;     -- <=3 input functions                  ; 6              ;
;                                             ;                ;
; Dedicated logic registers                   ; 50             ;
;                                             ;                ;
; I/O pins                                    ; 69             ;
;                                             ;                ;
; Total DSP Blocks                            ; 0              ;
;                                             ;                ;
; Maximum fan-out node                        ; CLOCK_50~input ;
; Maximum fan-out                             ; 50             ;
; Total fan-out                               ; 323            ;
; Average fan-out                             ; 1.51           ;
+---------------------------------------------+----------------+


+--------------------------------------------------------------------------------------------------------------------------------------------------------------------------------------------------------------------------------------------------------------------+
; Analysis & Synthesis Resource Utilization by Entity                                                                                                                                                                                                                ;
+-------------------------------------------+---------------------+---------------------------+-------------------+------------+------+--------------+------------------------------------------------------------------------+-----------------------+--------------+
; Compilation Hierarchy Node                ; Combinational ALUTs ; Dedicated Logic Registers ; Block Memory Bits ; DSP Blocks ; Pins ; Virtual Pins ; Full Hierarchy Name                                                    ; Entity Name           ; Library Name ;
+-------------------------------------------+---------------------+---------------------------+-------------------+------------+------+--------------+------------------------------------------------------------------------+-----------------------+--------------+
; |MandelBrotDisplay                        ; 24 (10)             ; 50 (20)                   ; 0                 ; 0          ; 69   ; 0            ; |MandelBrotDisplay                                                     ; MandelBrotDisplay     ; work         ;
;    |Ps2Controller:ps2|                    ; 14 (2)              ; 30 (5)                    ; 0                 ; 0          ; 0    ; 0            ; |MandelBrotDisplay|Ps2Controller:ps2                                   ; Ps2Controller         ; work         ;
;       |Altera_UP_PS2_Data_In:PS2_Data_In| ; 12 (12)             ; 25 (25)                   ; 0                 ; 0          ; 0    ; 0            ; |MandelBrotDisplay|Ps2Controller:ps2|Altera_UP_PS2_Data_In:PS2_Data_In ; Altera_UP_PS2_Data_In ; work         ;
+-------------------------------------------+---------------------+---------------------------+-------------------+------------+------+--------------+------------------------------------------------------------------------+-----------------------+--------------+
Note: For table entries with two numbers listed, the numbers in parentheses indicate the number of resources of the given type used by the specific entity alone. The numbers listed outside of parentheses indicate the total resources of the given type used by the specific entity and all of its sub-entities in the hierarchy.


Encoding Type:  One-Hot
+--------------------------------------------------------------------------------------------------------------------------------------------------------------------------------------------------------------------------------------------------------------+
; State Machine - |MandelBrotDisplay|Ps2Controller:ps2|s_ps2_transceiver                                                                                                                                                                                       ;
+--------------------------------------------+--------------------------------------------+-------------------------------------------+---------------------------------------+------------------------------------+-------------------------------------------+
; Name                                       ; s_ps2_transceiver.PS2_STATE_3_END_TRANSFER ; s_ps2_transceiver.PS2_STATE_2_COMMAND_OUT ; s_ps2_transceiver.PS2_STATE_1_DATA_IN ; s_ps2_transceiver.PS2_STATE_0_IDLE ; s_ps2_transceiver.PS2_STATE_4_END_DELAYED ;
+--------------------------------------------+--------------------------------------------+-------------------------------------------+---------------------------------------+------------------------------------+-------------------------------------------+
; s_ps2_transceiver.PS2_STATE_0_IDLE         ; 0                                          ; 0                                         ; 0                                     ; 0                                  ; 0                                         ;
; s_ps2_transceiver.PS2_STATE_1_DATA_IN      ; 0                                          ; 0                                         ; 1                                     ; 1                                  ; 0                                         ;
; s_ps2_transceiver.PS2_STATE_2_COMMAND_OUT  ; 0                                          ; 1                                         ; 0                                     ; 1                                  ; 0                                         ;
; s_ps2_transceiver.PS2_STATE_3_END_TRANSFER ; 1                                          ; 0                                         ; 0                                     ; 1                                  ; 0                                         ;
; s_ps2_transceiver.PS2_STATE_4_END_DELAYED  ; 0                                          ; 0                                         ; 0                                     ; 1                                  ; 1                                         ;
+--------------------------------------------+--------------------------------------------+-------------------------------------------+---------------------------------------+------------------------------------+-------------------------------------------+


Encoding Type:  One-Hot
+-----------------------------------------------------------------------------------------------------------------------------------------------------------------------------------------------------------------------------------------------------------------------------------------------------------------------------------------------------------------------------------------------------------------------------------------------------+
; State Machine - |MandelBrotDisplay|Ps2Controller:ps2|Altera_UP_PS2_Command_Out:PS2_Command_Out|s_ps2_transmitter                                                                                                                                                                                                                                                                                                                                    ;
+------------------------------------------------------+--------------------------------------------------+------------------------------------------------+-----------------------------------------------+-------------------------------------------------+---------------------------------------------+----------------------------------------------+------------------------------------------------------+------------------------------------+
; Name                                                 ; s_ps2_transmitter.PS2_STATE_7_TRANSMISSION_ERROR ; s_ps2_transmitter.PS2_STATE_6_COMMAND_WAS_SENT ; s_ps2_transmitter.PS2_STATE_5_RECEIVE_ACK_BIT ; s_ps2_transmitter.PS2_STATE_4_TRANSMIT_STOP_BIT ; s_ps2_transmitter.PS2_STATE_3_TRANSMIT_DATA ; s_ps2_transmitter.PS2_STATE_2_WAIT_FOR_CLOCK ; s_ps2_transmitter.PS2_STATE_1_INITIATE_COMMUNICATION ; s_ps2_transmitter.PS2_STATE_0_IDLE ;
+------------------------------------------------------+--------------------------------------------------+------------------------------------------------+-----------------------------------------------+-------------------------------------------------+---------------------------------------------+----------------------------------------------+------------------------------------------------------+------------------------------------+
; s_ps2_transmitter.PS2_STATE_0_IDLE                   ; 0                                                ; 0                                              ; 0                                             ; 0                                               ; 0                                           ; 0                                            ; 0                                                    ; 0                                  ;
; s_ps2_transmitter.PS2_STATE_1_INITIATE_COMMUNICATION ; 0                                                ; 0                                              ; 0                                             ; 0                                               ; 0                                           ; 0                                            ; 1                                                    ; 1                                  ;
; s_ps2_transmitter.PS2_STATE_2_WAIT_FOR_CLOCK         ; 0                                                ; 0                                              ; 0                                             ; 0                                               ; 0                                           ; 1                                            ; 0                                                    ; 1                                  ;
; s_ps2_transmitter.PS2_STATE_3_TRANSMIT_DATA          ; 0                                                ; 0                                              ; 0                                             ; 0                                               ; 1                                           ; 0                                            ; 0                                                    ; 1                                  ;
; s_ps2_transmitter.PS2_STATE_4_TRANSMIT_STOP_BIT      ; 0                                                ; 0                                              ; 0                                             ; 1                                               ; 0                                           ; 0                                            ; 0                                                    ; 1                                  ;
; s_ps2_transmitter.PS2_STATE_5_RECEIVE_ACK_BIT        ; 0                                                ; 0                                              ; 1                                             ; 0                                               ; 0                                           ; 0                                            ; 0                                                    ; 1                                  ;
; s_ps2_transmitter.PS2_STATE_6_COMMAND_WAS_SENT       ; 0                                                ; 1                                              ; 0                                             ; 0                                               ; 0                                           ; 0                                            ; 0                                                    ; 1                                  ;
; s_ps2_transmitter.PS2_STATE_7_TRANSMISSION_ERROR     ; 1                                                ; 0                                              ; 0                                             ; 0                                               ; 0                                           ; 0                                            ; 0                                                    ; 1                                  ;
+------------------------------------------------------+--------------------------------------------------+------------------------------------------------+-----------------------------------------------+-------------------------------------------------+---------------------------------------------+----------------------------------------------+------------------------------------------------------+------------------------------------+


Encoding Type:  One-Hot
+----------------------------------------------------------------------------------------------------------------------------------------------------------------------------------------------------------------------------------------+
; State Machine - |MandelBrotDisplay|Ps2Controller:ps2|Altera_UP_PS2_Data_In:PS2_Data_In|s_ps2_receiver                                                                                                                                  ;
+------------------------------------------+--------------------------------------+------------------------------------+------------------------------------------+---------------------------------+------------------------------------+
; Name                                     ; s_ps2_receiver.PS2_STATE_3_PARITY_IN ; s_ps2_receiver.PS2_STATE_2_DATA_IN ; s_ps2_receiver.PS2_STATE_1_WAIT_FOR_DATA ; s_ps2_receiver.PS2_STATE_0_IDLE ; s_ps2_receiver.PS2_STATE_4_STOP_IN ;
+------------------------------------------+--------------------------------------+------------------------------------+------------------------------------------+---------------------------------+------------------------------------+
; s_ps2_receiver.PS2_STATE_0_IDLE          ; 0                                    ; 0                                  ; 0                                        ; 0                               ; 0                                  ;
; s_ps2_receiver.PS2_STATE_1_WAIT_FOR_DATA ; 0                                    ; 0                                  ; 1                                        ; 1                               ; 0                                  ;
; s_ps2_receiver.PS2_STATE_2_DATA_IN       ; 0                                    ; 1                                  ; 0                                        ; 1                               ; 0                                  ;
; s_ps2_receiver.PS2_STATE_3_PARITY_IN     ; 1                                    ; 0                                  ; 0                                        ; 1                               ; 0                                  ;
; s_ps2_receiver.PS2_STATE_4_STOP_IN       ; 0                                    ; 0                                  ; 0                                        ; 1                               ; 1                                  ;
+------------------------------------------+--------------------------------------+------------------------------------+------------------------------------------+---------------------------------+------------------------------------+


+-----------------------------------------------------------------------------------------------------------------------------------------------------------+
; Registers Removed During Synthesis                                                                                                                        ;
+------------------------------------------------------------------------------------------------------------------+----------------------------------------+
; Register name                                                                                                    ; Reason for Removal                     ;
+------------------------------------------------------------------------------------------------------------------+----------------------------------------+
; Ps2Controller:ps2|idle_counter[0..7]                                                                             ; Lost fanout                            ;
; Ps2Controller:ps2|Altera_UP_PS2_Command_Out:PS2_Command_Out|ps2_command[0..7]                                    ; Stuck at GND due to stuck port data_in ;
; Ps2Controller:ps2|Altera_UP_PS2_Command_Out:PS2_Command_Out|ps2_command[8]                                       ; Stuck at VCC due to stuck port data_in ;
; Ps2Controller:ps2|s_ps2_transceiver~2                                                                            ; Lost fanout                            ;
; Ps2Controller:ps2|s_ps2_transceiver~3                                                                            ; Lost fanout                            ;
; Ps2Controller:ps2|Altera_UP_PS2_Command_Out:PS2_Command_Out|s_ps2_transmitter~2                                  ; Lost fanout                            ;
; Ps2Controller:ps2|Altera_UP_PS2_Command_Out:PS2_Command_Out|s_ps2_transmitter~3                                  ; Lost fanout                            ;
; Ps2Controller:ps2|Altera_UP_PS2_Command_Out:PS2_Command_Out|s_ps2_transmitter~4                                  ; Lost fanout                            ;
; Ps2Controller:ps2|Altera_UP_PS2_Data_In:PS2_Data_In|s_ps2_receiver~2                                             ; Lost fanout                            ;
; Ps2Controller:ps2|Altera_UP_PS2_Data_In:PS2_Data_In|s_ps2_receiver~3                                             ; Lost fanout                            ;
; Ps2Controller:ps2|Altera_UP_PS2_Command_Out:PS2_Command_Out|s_ps2_transmitter.PS2_STATE_0_IDLE                   ; Lost fanout                            ;
; Ps2Controller:ps2|Altera_UP_PS2_Command_Out:PS2_Command_Out|s_ps2_transmitter.PS2_STATE_1_INITIATE_COMMUNICATION ; Stuck at GND due to stuck port data_in ;
; Ps2Controller:ps2|s_ps2_transceiver.PS2_STATE_2_COMMAND_OUT                                                      ; Stuck at GND due to stuck port data_in ;
; Ps2Controller:ps2|s_ps2_transceiver.PS2_STATE_4_END_DELAYED                                                      ; Stuck at GND due to stuck port data_in ;
; Ps2Controller:ps2|Altera_UP_PS2_Command_Out:PS2_Command_Out|command_was_sent                                     ; Lost fanout                            ;
; Ps2Controller:ps2|Altera_UP_PS2_Command_Out:PS2_Command_Out|s_ps2_transmitter.PS2_STATE_6_COMMAND_WAS_SENT       ; Lost fanout                            ;
; Ps2Controller:ps2|Altera_UP_PS2_Command_Out:PS2_Command_Out|error_communication_timed_out                        ; Lost fanout                            ;
; Ps2Controller:ps2|Altera_UP_PS2_Command_Out:PS2_Command_Out|s_ps2_transmitter.PS2_STATE_7_TRANSMISSION_ERROR     ; Lost fanout                            ;
; Ps2Controller:ps2|Altera_UP_PS2_Command_Out:PS2_Command_Out|command_initiate_counter[1..13]                      ; Stuck at GND due to stuck port sclear  ;
; Ps2Controller:ps2|s_ps2_transceiver.PS2_STATE_3_END_TRANSFER                                                     ; Stuck at GND due to stuck port data_in ;
; Ps2Controller:ps2|Altera_UP_PS2_Data_In:PS2_Data_In|s_ps2_receiver.PS2_STATE_1_WAIT_FOR_DATA                     ; Stuck at GND due to stuck port data_in ;
; Ps2Controller:ps2|Altera_UP_PS2_Command_Out:PS2_Command_Out|s_ps2_transmitter.PS2_STATE_2_WAIT_FOR_CLOCK         ; Stuck at GND due to stuck port data_in ;
; Ps2Controller:ps2|Altera_UP_PS2_Command_Out:PS2_Command_Out|waiting_counter[1..20]                               ; Stuck at GND due to stuck port sclear  ;
; Ps2Controller:ps2|Altera_UP_PS2_Command_Out:PS2_Command_Out|s_ps2_transmitter.PS2_STATE_3_TRANSMIT_DATA          ; Stuck at GND due to stuck port data_in ;
; Ps2Controller:ps2|Altera_UP_PS2_Command_Out:PS2_Command_Out|cur_bit[0..3]                                        ; Lost fanout                            ;
; Ps2Controller:ps2|Altera_UP_PS2_Command_Out:PS2_Command_Out|s_ps2_transmitter.PS2_STATE_4_TRANSMIT_STOP_BIT      ; Stuck at GND due to stuck port data_in ;
; Ps2Controller:ps2|Altera_UP_PS2_Command_Out:PS2_Command_Out|s_ps2_transmitter.PS2_STATE_5_RECEIVE_ACK_BIT        ; Stuck at GND due to stuck port data_in ;
; Ps2Controller:ps2|Altera_UP_PS2_Command_Out:PS2_Command_Out|transfer_counter[1..17]                              ; Stuck at GND due to stuck port sclear  ;
; Total Number of Removed Registers = 92                                                                           ;                                        ;
+------------------------------------------------------------------------------------------------------------------+----------------------------------------+


+-------------------------------------------------------------------------------------------------------------------------------------------------------------------------------------------------------------------------------------------------------------+
; Removed Registers Triggering Further Register Optimizations                                                                                                                                                                                                 ;
+------------------------------------------------------------------------------------------------------------------+---------------------------+--------------------------------------------------------------------------------------------------------------+
; Register name                                                                                                    ; Reason for Removal        ; Registers Removed due to This Register                                                                       ;
+------------------------------------------------------------------------------------------------------------------+---------------------------+--------------------------------------------------------------------------------------------------------------+
; Ps2Controller:ps2|Altera_UP_PS2_Command_Out:PS2_Command_Out|s_ps2_transmitter.PS2_STATE_2_WAIT_FOR_CLOCK         ; Stuck at GND              ; Ps2Controller:ps2|Altera_UP_PS2_Command_Out:PS2_Command_Out|waiting_counter[19],                             ;
;                                                                                                                  ; due to stuck port data_in ; Ps2Controller:ps2|Altera_UP_PS2_Command_Out:PS2_Command_Out|waiting_counter[18],                             ;
;                                                                                                                  ;                           ; Ps2Controller:ps2|Altera_UP_PS2_Command_Out:PS2_Command_Out|waiting_counter[17],                             ;
;                                                                                                                  ;                           ; Ps2Controller:ps2|Altera_UP_PS2_Command_Out:PS2_Command_Out|waiting_counter[16],                             ;
;                                                                                                                  ;                           ; Ps2Controller:ps2|Altera_UP_PS2_Command_Out:PS2_Command_Out|waiting_counter[14],                             ;
;                                                                                                                  ;                           ; Ps2Controller:ps2|Altera_UP_PS2_Command_Out:PS2_Command_Out|waiting_counter[13],                             ;
;                                                                                                                  ;                           ; Ps2Controller:ps2|Altera_UP_PS2_Command_Out:PS2_Command_Out|waiting_counter[12],                             ;
;                                                                                                                  ;                           ; Ps2Controller:ps2|Altera_UP_PS2_Command_Out:PS2_Command_Out|waiting_counter[10],                             ;
;                                                                                                                  ;                           ; Ps2Controller:ps2|Altera_UP_PS2_Command_Out:PS2_Command_Out|waiting_counter[15],                             ;
;                                                                                                                  ;                           ; Ps2Controller:ps2|Altera_UP_PS2_Command_Out:PS2_Command_Out|waiting_counter[11],                             ;
;                                                                                                                  ;                           ; Ps2Controller:ps2|Altera_UP_PS2_Command_Out:PS2_Command_Out|waiting_counter[1],                              ;
;                                                                                                                  ;                           ; Ps2Controller:ps2|Altera_UP_PS2_Command_Out:PS2_Command_Out|waiting_counter[2],                              ;
;                                                                                                                  ;                           ; Ps2Controller:ps2|Altera_UP_PS2_Command_Out:PS2_Command_Out|waiting_counter[3],                              ;
;                                                                                                                  ;                           ; Ps2Controller:ps2|Altera_UP_PS2_Command_Out:PS2_Command_Out|waiting_counter[4],                              ;
;                                                                                                                  ;                           ; Ps2Controller:ps2|Altera_UP_PS2_Command_Out:PS2_Command_Out|waiting_counter[5],                              ;
;                                                                                                                  ;                           ; Ps2Controller:ps2|Altera_UP_PS2_Command_Out:PS2_Command_Out|waiting_counter[6],                              ;
;                                                                                                                  ;                           ; Ps2Controller:ps2|Altera_UP_PS2_Command_Out:PS2_Command_Out|waiting_counter[7],                              ;
;                                                                                                                  ;                           ; Ps2Controller:ps2|Altera_UP_PS2_Command_Out:PS2_Command_Out|waiting_counter[8],                              ;
;                                                                                                                  ;                           ; Ps2Controller:ps2|Altera_UP_PS2_Command_Out:PS2_Command_Out|waiting_counter[9],                              ;
;                                                                                                                  ;                           ; Ps2Controller:ps2|Altera_UP_PS2_Command_Out:PS2_Command_Out|waiting_counter[20],                             ;
;                                                                                                                  ;                           ; Ps2Controller:ps2|Altera_UP_PS2_Command_Out:PS2_Command_Out|s_ps2_transmitter.PS2_STATE_3_TRANSMIT_DATA,     ;
;                                                                                                                  ;                           ; Ps2Controller:ps2|Altera_UP_PS2_Command_Out:PS2_Command_Out|cur_bit[1],                                      ;
;                                                                                                                  ;                           ; Ps2Controller:ps2|Altera_UP_PS2_Command_Out:PS2_Command_Out|cur_bit[0],                                      ;
;                                                                                                                  ;                           ; Ps2Controller:ps2|Altera_UP_PS2_Command_Out:PS2_Command_Out|s_ps2_transmitter.PS2_STATE_4_TRANSMIT_STOP_BIT, ;
;                                                                                                                  ;                           ; Ps2Controller:ps2|Altera_UP_PS2_Command_Out:PS2_Command_Out|s_ps2_transmitter.PS2_STATE_5_RECEIVE_ACK_BIT,   ;
;                                                                                                                  ;                           ; Ps2Controller:ps2|Altera_UP_PS2_Command_Out:PS2_Command_Out|transfer_counter[13],                            ;
;                                                                                                                  ;                           ; Ps2Controller:ps2|Altera_UP_PS2_Command_Out:PS2_Command_Out|transfer_counter[14],                            ;
;                                                                                                                  ;                           ; Ps2Controller:ps2|Altera_UP_PS2_Command_Out:PS2_Command_Out|transfer_counter[15],                            ;
;                                                                                                                  ;                           ; Ps2Controller:ps2|Altera_UP_PS2_Command_Out:PS2_Command_Out|transfer_counter[16],                            ;
;                                                                                                                  ;                           ; Ps2Controller:ps2|Altera_UP_PS2_Command_Out:PS2_Command_Out|transfer_counter[17],                            ;
;                                                                                                                  ;                           ; Ps2Controller:ps2|Altera_UP_PS2_Command_Out:PS2_Command_Out|transfer_counter[3],                             ;
;                                                                                                                  ;                           ; Ps2Controller:ps2|Altera_UP_PS2_Command_Out:PS2_Command_Out|transfer_counter[2],                             ;
;                                                                                                                  ;                           ; Ps2Controller:ps2|Altera_UP_PS2_Command_Out:PS2_Command_Out|transfer_counter[1],                             ;
;                                                                                                                  ;                           ; Ps2Controller:ps2|Altera_UP_PS2_Command_Out:PS2_Command_Out|transfer_counter[4],                             ;
;                                                                                                                  ;                           ; Ps2Controller:ps2|Altera_UP_PS2_Command_Out:PS2_Command_Out|transfer_counter[5],                             ;
;                                                                                                                  ;                           ; Ps2Controller:ps2|Altera_UP_PS2_Command_Out:PS2_Command_Out|transfer_counter[6],                             ;
;                                                                                                                  ;                           ; Ps2Controller:ps2|Altera_UP_PS2_Command_Out:PS2_Command_Out|transfer_counter[7]                              ;
; Ps2Controller:ps2|Altera_UP_PS2_Command_Out:PS2_Command_Out|s_ps2_transmitter.PS2_STATE_1_INITIATE_COMMUNICATION ; Stuck at GND              ; Ps2Controller:ps2|Altera_UP_PS2_Command_Out:PS2_Command_Out|command_initiate_counter[13],                    ;
;                                                                                                                  ; due to stuck port data_in ; Ps2Controller:ps2|Altera_UP_PS2_Command_Out:PS2_Command_Out|command_initiate_counter[4],                     ;
;                                                                                                                  ;                           ; Ps2Controller:ps2|Altera_UP_PS2_Command_Out:PS2_Command_Out|command_initiate_counter[6],                     ;
;                                                                                                                  ;                           ; Ps2Controller:ps2|Altera_UP_PS2_Command_Out:PS2_Command_Out|command_initiate_counter[7],                     ;
;                                                                                                                  ;                           ; Ps2Controller:ps2|Altera_UP_PS2_Command_Out:PS2_Command_Out|command_initiate_counter[5],                     ;
;                                                                                                                  ;                           ; Ps2Controller:ps2|Altera_UP_PS2_Command_Out:PS2_Command_Out|command_initiate_counter[8],                     ;
;                                                                                                                  ;                           ; Ps2Controller:ps2|Altera_UP_PS2_Command_Out:PS2_Command_Out|command_initiate_counter[9],                     ;
;                                                                                                                  ;                           ; Ps2Controller:ps2|Altera_UP_PS2_Command_Out:PS2_Command_Out|command_initiate_counter[10],                    ;
;                                                                                                                  ;                           ; Ps2Controller:ps2|Altera_UP_PS2_Command_Out:PS2_Command_Out|command_initiate_counter[11],                    ;
;                                                                                                                  ;                           ; Ps2Controller:ps2|Altera_UP_PS2_Command_Out:PS2_Command_Out|command_initiate_counter[12],                    ;
;                                                                                                                  ;                           ; Ps2Controller:ps2|Altera_UP_PS2_Command_Out:PS2_Command_Out|command_initiate_counter[1],                     ;
;                                                                                                                  ;                           ; Ps2Controller:ps2|Altera_UP_PS2_Command_Out:PS2_Command_Out|command_initiate_counter[2],                     ;
;                                                                                                                  ;                           ; Ps2Controller:ps2|Altera_UP_PS2_Command_Out:PS2_Command_Out|command_initiate_counter[3]                      ;
; Ps2Controller:ps2|idle_counter[3]                                                                                ; Lost Fanouts              ; Ps2Controller:ps2|idle_counter[4], Ps2Controller:ps2|idle_counter[5],                                        ;
;                                                                                                                  ;                           ; Ps2Controller:ps2|idle_counter[6], Ps2Controller:ps2|idle_counter[7]                                         ;
; Ps2Controller:ps2|Altera_UP_PS2_Command_Out:PS2_Command_Out|ps2_command[0]                                       ; Stuck at GND              ; Ps2Controller:ps2|Altera_UP_PS2_Command_Out:PS2_Command_Out|cur_bit[3],                                      ;
;                                                                                                                  ; due to stuck port data_in ; Ps2Controller:ps2|Altera_UP_PS2_Command_Out:PS2_Command_Out|cur_bit[2]                                       ;
; Ps2Controller:ps2|s_ps2_transceiver~2                                                                            ; Lost Fanouts              ; Ps2Controller:ps2|Altera_UP_PS2_Command_Out:PS2_Command_Out|command_was_sent,                                ;
;                                                                                                                  ;                           ; Ps2Controller:ps2|Altera_UP_PS2_Command_Out:PS2_Command_Out|error_communication_timed_out                    ;
; Ps2Controller:ps2|Altera_UP_PS2_Command_Out:PS2_Command_Out|s_ps2_transmitter.PS2_STATE_0_IDLE                   ; Lost Fanouts              ; Ps2Controller:ps2|Altera_UP_PS2_Command_Out:PS2_Command_Out|s_ps2_transmitter.PS2_STATE_6_COMMAND_WAS_SENT,  ;
;                                                                                                                  ;                           ; Ps2Controller:ps2|Altera_UP_PS2_Command_Out:PS2_Command_Out|s_ps2_transmitter.PS2_STATE_7_TRANSMISSION_ERROR ;
; Ps2Controller:ps2|s_ps2_transceiver.PS2_STATE_2_COMMAND_OUT                                                      ; Stuck at GND              ; Ps2Controller:ps2|s_ps2_transceiver.PS2_STATE_3_END_TRANSFER,                                                ;
;                                                                                                                  ; due to stuck port data_in ; Ps2Controller:ps2|Altera_UP_PS2_Data_In:PS2_Data_In|s_ps2_receiver.PS2_STATE_1_WAIT_FOR_DATA                 ;
+------------------------------------------------------------------------------------------------------------------+---------------------------+--------------------------------------------------------------------------------------------------------------+


+------------------------------------------------------+
; General Register Statistics                          ;
+----------------------------------------------+-------+
; Statistic                                    ; Value ;
+----------------------------------------------+-------+
; Total registers                              ; 50    ;
; Number of registers using Synchronous Clear  ; 0     ;
; Number of registers using Synchronous Load   ; 0     ;
; Number of registers using Asynchronous Clear ; 0     ;
; Number of registers using Asynchronous Load  ; 0     ;
; Number of registers using Clock Enable       ; 36    ;
; Number of registers using Preset             ; 0     ;
+----------------------------------------------+-------+


+--------------------------------------------------------------------------------------------------------------------------------------------------------------------------------------------------------------------------+
; Multiplexer Restructuring Statistics (Restructuring Performed)                                                                                                                                                           ;
+--------------------+-----------+---------------+----------------------+------------------------+------------+------------------------------------------------------------------------------------------------------------+
; Multiplexer Inputs ; Bus Width ; Baseline Area ; Area if Restructured ; Saving if Restructured ; Registered ; Example Multiplexer Output                                                                                 ;
+--------------------+-----------+---------------+----------------------+------------------------+------------+------------------------------------------------------------------------------------------------------------+
; 3:1                ; 13 bits   ; 26 LEs        ; 0 LEs                ; 26 LEs                 ; Yes        ; |MandelBrotDisplay|Ps2Controller:ps2|Altera_UP_PS2_Command_Out:PS2_Command_Out|command_initiate_counter[4] ;
; 3:1                ; 20 bits   ; 40 LEs        ; 0 LEs                ; 40 LEs                 ; Yes        ; |MandelBrotDisplay|Ps2Controller:ps2|Altera_UP_PS2_Command_Out:PS2_Command_Out|waiting_counter[19]         ;
; 3:1                ; 4 bits    ; 8 LEs         ; 4 LEs                ; 4 LEs                  ; Yes        ; |MandelBrotDisplay|Ps2Controller:ps2|Altera_UP_PS2_Command_Out:PS2_Command_Out|cur_bit[3]                  ;
; 3:1                ; 4 bits    ; 8 LEs         ; 4 LEs                ; 4 LEs                  ; Yes        ; |MandelBrotDisplay|Ps2Controller:ps2|Altera_UP_PS2_Data_In:PS2_Data_In|data_count[0]                       ;
; 3:1                ; 17 bits   ; 34 LEs        ; 0 LEs                ; 34 LEs                 ; Yes        ; |MandelBrotDisplay|Ps2Controller:ps2|Altera_UP_PS2_Command_Out:PS2_Command_Out|transfer_counter[8]         ;
+--------------------+-----------+---------------+----------------------+------------------------+------------+------------------------------------------------------------------------------------------------------------+


+----------------------------------------------------------------+
; Parameter Settings for User Entity Instance: Ps2Controller:ps2 ;
+------------------+-------+-------------------------------------+
; Parameter Name   ; Value ; Type                                ;
+------------------+-------+-------------------------------------+
; INITIALIZE_MOUSE ; 0     ; Signed Integer                      ;
+------------------+-------+-------------------------------------+
Note: In order to hide this table in the UI and the text report file, please set the "Show Parameter Settings in Synthesis Report" option in "Analysis and Synthesis Settings -> More Settings" to "Off".


+----------------------------------------------------------------------------------------------------------+
; Parameter Settings for User Entity Instance: Ps2Controller:ps2|Altera_UP_PS2_Command_Out:PS2_Command_Out ;
+------------------------------------+----------------------+----------------------------------------------+
; Parameter Name                     ; Value                ; Type                                         ;
+------------------------------------+----------------------+----------------------------------------------+
; CLOCK_CYCLES_FOR_101US             ; 5050                 ; Signed Integer                               ;
; NUMBER_OF_BITS_FOR_101US           ; 13                   ; Signed Integer                               ;
; COUNTER_INCREMENT_FOR_101US        ; 0000000000001        ; Unsigned Binary                              ;
; CLOCK_CYCLES_FOR_15MS              ; 750000               ; Signed Integer                               ;
; NUMBER_OF_BITS_FOR_15MS            ; 20                   ; Signed Integer                               ;
; COUNTER_INCREMENT_FOR_15MS         ; 00000000000000000001 ; Unsigned Binary                              ;
; CLOCK_CYCLES_FOR_2MS               ; 100000               ; Signed Integer                               ;
; NUMBER_OF_BITS_FOR_2MS             ; 17                   ; Signed Integer                               ;
; COUNTER_INCREMENT_FOR_2MS          ; 00000000000000001    ; Unsigned Binary                              ;
; PS2_STATE_0_IDLE                   ; 000                  ; Unsigned Binary                              ;
; PS2_STATE_1_INITIATE_COMMUNICATION ; 001                  ; Unsigned Binary                              ;
; PS2_STATE_2_WAIT_FOR_CLOCK         ; 010                  ; Unsigned Binary                              ;
; PS2_STATE_3_TRANSMIT_DATA          ; 011                  ; Unsigned Binary                              ;
; PS2_STATE_4_TRANSMIT_STOP_BIT      ; 100                  ; Unsigned Binary                              ;
; PS2_STATE_5_RECEIVE_ACK_BIT        ; 101                  ; Unsigned Binary                              ;
; PS2_STATE_6_COMMAND_WAS_SENT       ; 110                  ; Unsigned Binary                              ;
; PS2_STATE_7_TRANSMISSION_ERROR     ; 111                  ; Unsigned Binary                              ;
+------------------------------------+----------------------+----------------------------------------------+
Note: In order to hide this table in the UI and the text report file, please set the "Show Parameter Settings in Synthesis Report" option in "Analysis and Synthesis Settings -> More Settings" to "Off".


+-----------------------------------------------------------------------------------------------------------------------------------------+
; Port Connectivity Checks: "Ps2Controller:ps2"                                                                                           ;
+-------------------------------+--------+----------+-------------------------------------------------------------------------------------+
; Port                          ; Type   ; Severity ; Details                                                                             ;
+-------------------------------+--------+----------+-------------------------------------------------------------------------------------+
; reset                         ; Input  ; Info     ; Stuck at GND                                                                        ;
; command_was_sent              ; Output ; Info     ; Connected to dangling logic. Logic that only feeds a dangling port will be removed. ;
; error_communication_timed_out ; Output ; Info     ; Connected to dangling logic. Logic that only feeds a dangling port will be removed. ;
+-------------------------------+--------+----------+-------------------------------------------------------------------------------------+


+-----------------------------------------------------+
; Post-Synthesis Netlist Statistics for Top Partition ;
+-----------------------+-----------------------------+
; Type                  ; Count                       ;
+-----------------------+-----------------------------+
; arriav_ff             ; 50                          ;
;     ENA               ; 36                          ;
;     plain             ; 14                          ;
; arriav_io_obuf        ; 2                           ;
; arriav_lcell_comb     ; 25                          ;
;     normal            ; 25                          ;
;         0 data inputs ; 1                           ;
;         2 data inputs ; 2                           ;
;         3 data inputs ; 4                           ;
;         4 data inputs ; 2                           ;
;         5 data inputs ; 8                           ;
;         6 data inputs ; 8                           ;
; boundary_port         ; 69                          ;
;                       ;                             ;
; Max LUT depth         ; 2.00                        ;
; Average LUT depth     ; 1.20                        ;
+-----------------------+-----------------------------+


+-------------------------------+
; Elapsed Time Per Partition    ;
+----------------+--------------+
; Partition Name ; Elapsed Time ;
+----------------+--------------+
; Top            ; 00:00:00     ;
+----------------+--------------+


+-------------------------------+
; Analysis & Synthesis Messages ;
+-------------------------------+
Info: *******************************************************************
Info: Running Quartus Prime Analysis & Synthesis
    Info: Version 18.1.0 Build 625 09/12/2018 SJ Lite Edition
    Info: Processing started: Mon Nov 25 21:18:17 2019
Info: Command: quartus_map --read_settings_files=on --write_settings_files=off MandelBrotDisplay -c MandelBrotDisplay
Warning (18236): Number of processors has not been specified which may cause overloading on shared machines.  Set the global assignment NUM_PARALLEL_PROCESSORS in your QSF to an appropriate value for best performance.
Info (20030): Parallel compilation is enabled and will use 12 of the 12 processors detected
Info (12021): Found 1 design units, including 1 entities, in source file mandelbrotdisplay.v
    Info (12023): Found entity 1: MandelBrotDisplay File: C:/Users/David Baines/OneDrive/Uni/Fall 2019/ECE241/FinalProject/keyboards/MandelBrotDisplay.v Line: 1
Info (12021): Found 1 design units, including 1 entities, in source file altera_up_ps2_command_out.v
    Info (12023): Found entity 1: Altera_UP_PS2_Command_Out File: C:/Users/David Baines/OneDrive/Uni/Fall 2019/ECE241/FinalProject/keyboards/Altera_UP_PS2_Command_Out.v Line: 10
Info (12021): Found 1 design units, including 1 entities, in source file altera_up_ps2_data_in.v
    Info (12023): Found entity 1: Altera_UP_PS2_Data_In File: C:/Users/David Baines/OneDrive/Uni/Fall 2019/ECE241/FinalProject/keyboards/Altera_UP_PS2_Data_In.v Line: 10
Info (12021): Found 1 design units, including 1 entities, in source file hex_decoder.v
    Info (12023): Found entity 1: hex_decoder File: C:/Users/David Baines/OneDrive/Uni/Fall 2019/ECE241/FinalProject/keyboards/hex_decoder.v Line: 1
Info (12021): Found 1 design units, including 1 entities, in source file hex2seg.v
    Info (12023): Found entity 1: hex2seg File: C:/Users/David Baines/OneDrive/Uni/Fall 2019/ECE241/FinalProject/keyboards/hex2seg.v Line: 1
Info (12127): Elaborating entity "MandelBrotDisplay" for the top level hierarchy
Warning (10034): Output port "HEX5" at MandelBrotDisplay.v(14) has no driver File: C:/Users/David Baines/OneDrive/Uni/Fall 2019/ECE241/FinalProject/keyboards/MandelBrotDisplay.v Line: 14
Warning (10034): Output port "HEX3" at MandelBrotDisplay.v(14) has no driver File: C:/Users/David Baines/OneDrive/Uni/Fall 2019/ECE241/FinalProject/keyboards/MandelBrotDisplay.v Line: 14
Warning (10034): Output port "HEX4" at MandelBrotDisplay.v(14) has no driver File: C:/Users/David Baines/OneDrive/Uni/Fall 2019/ECE241/FinalProject/keyboards/MandelBrotDisplay.v Line: 14
Warning (10034): Output port "HEX2" at MandelBrotDisplay.v(14) has no driver File: C:/Users/David Baines/OneDrive/Uni/Fall 2019/ECE241/FinalProject/keyboards/MandelBrotDisplay.v Line: 14
Warning (10034): Output port "HEX1" at MandelBrotDisplay.v(14) has no driver File: C:/Users/David Baines/OneDrive/Uni/Fall 2019/ECE241/FinalProject/keyboards/MandelBrotDisplay.v Line: 14
Warning (10034): Output port "HEX0" at MandelBrotDisplay.v(14) has no driver File: C:/Users/David Baines/OneDrive/Uni/Fall 2019/ECE241/FinalProject/keyboards/MandelBrotDisplay.v Line: 14
Warning (10034): Output port "LEDR[9..4]" at MandelBrotDisplay.v(15) has no driver File: C:/Users/David Baines/OneDrive/Uni/Fall 2019/ECE241/FinalProject/keyboards/MandelBrotDisplay.v Line: 15
Warning (12125): Using design file ps2controller.v, which is not specified as a design file for the current project, but contains definitions for 1 design units and 1 entities in project
    Info (12023): Found entity 1: Ps2Controller File: C:/Users/David Baines/OneDrive/Uni/Fall 2019/ECE241/FinalProject/keyboards/ps2controller.v Line: 9
Info (12128): Elaborating entity "Ps2Controller" for hierarchy "Ps2Controller:ps2" File: C:/Users/David Baines/OneDrive/Uni/Fall 2019/ECE241/FinalProject/keyboards/MandelBrotDisplay.v Line: 58
Info (12128): Elaborating entity "Altera_UP_PS2_Data_In" for hierarchy "Ps2Controller:ps2|Altera_UP_PS2_Data_In:PS2_Data_In" File: C:/Users/David Baines/OneDrive/Uni/Fall 2019/ECE241/FinalProject/keyboards/ps2controller.v Line: 246
Info (12128): Elaborating entity "Altera_UP_PS2_Command_Out" for hierarchy "Ps2Controller:ps2|Altera_UP_PS2_Command_Out:PS2_Command_Out" File: C:/Users/David Baines/OneDrive/Uni/Fall 2019/ECE241/FinalProject/keyboards/ps2controller.v Line: 266
Warning (13024): Output pins are stuck at VCC or GND
    Warning (13410): Pin "HEX5[0]" is stuck at GND File: C:/Users/David Baines/OneDrive/Uni/Fall 2019/ECE241/FinalProject/keyboards/MandelBrotDisplay.v Line: 14
    Warning (13410): Pin "HEX5[1]" is stuck at GND File: C:/Users/David Baines/OneDrive/Uni/Fall 2019/ECE241/FinalProject/keyboards/MandelBrotDisplay.v Line: 14
    Warning (13410): Pin "HEX5[2]" is stuck at GND File: C:/Users/David Baines/OneDrive/Uni/Fall 2019/ECE241/FinalProject/keyboards/MandelBrotDisplay.v Line: 14
    Warning (13410): Pin "HEX5[3]" is stuck at GND File: C:/Users/David Baines/OneDrive/Uni/Fall 2019/ECE241/FinalProject/keyboards/MandelBrotDisplay.v Line: 14
    Warning (13410): Pin "HEX5[4]" is stuck at GND File: C:/Users/David Baines/OneDrive/Uni/Fall 2019/ECE241/FinalProject/keyboards/MandelBrotDisplay.v Line: 14
    Warning (13410): Pin "HEX5[5]" is stuck at GND File: C:/Users/David Baines/OneDrive/Uni/Fall 2019/ECE241/FinalProject/keyboards/MandelBrotDisplay.v Line: 14
    Warning (13410): Pin "HEX5[6]" is stuck at GND File: C:/Users/David Baines/OneDrive/Uni/Fall 2019/ECE241/FinalProject/keyboards/MandelBrotDisplay.v Line: 14
    Warning (13410): Pin "HEX3[0]" is stuck at GND File: C:/Users/David Baines/OneDrive/Uni/Fall 2019/ECE241/FinalProject/keyboards/MandelBrotDisplay.v Line: 14
    Warning (13410): Pin "HEX3[1]" is stuck at GND File: C:/Users/David Baines/OneDrive/Uni/Fall 2019/ECE241/FinalProject/keyboards/MandelBrotDisplay.v Line: 14
    Warning (13410): Pin "HEX3[2]" is stuck at GND File: C:/Users/David Baines/OneDrive/Uni/Fall 2019/ECE241/FinalProject/keyboards/MandelBrotDisplay.v Line: 14
    Warning (13410): Pin "HEX3[3]" is stuck at GND File: C:/Users/David Baines/OneDrive/Uni/Fall 2019/ECE241/FinalProject/keyboards/MandelBrotDisplay.v Line: 14
    Warning (13410): Pin "HEX3[4]" is stuck at GND File: C:/Users/David Baines/OneDrive/Uni/Fall 2019/ECE241/FinalProject/keyboards/MandelBrotDisplay.v Line: 14
    Warning (13410): Pin "HEX3[5]" is stuck at GND File: C:/Users/David Baines/OneDrive/Uni/Fall 2019/ECE241/FinalProject/keyboards/MandelBrotDisplay.v Line: 14
    Warning (13410): Pin "HEX3[6]" is stuck at GND File: C:/Users/David Baines/OneDrive/Uni/Fall 2019/ECE241/FinalProject/keyboards/MandelBrotDisplay.v Line: 14
    Warning (13410): Pin "HEX4[0]" is stuck at GND File: C:/Users/David Baines/OneDrive/Uni/Fall 2019/ECE241/FinalProject/keyboards/MandelBrotDisplay.v Line: 14
    Warning (13410): Pin "HEX4[1]" is stuck at GND File: C:/Users/David Baines/OneDrive/Uni/Fall 2019/ECE241/FinalProject/keyboards/MandelBrotDisplay.v Line: 14
    Warning (13410): Pin "HEX4[2]" is stuck at GND File: C:/Users/David Baines/OneDrive/Uni/Fall 2019/ECE241/FinalProject/keyboards/MandelBrotDisplay.v Line: 14
    Warning (13410): Pin "HEX4[3]" is stuck at GND File: C:/Users/David Baines/OneDrive/Uni/Fall 2019/ECE241/FinalProject/keyboards/MandelBrotDisplay.v Line: 14
    Warning (13410): Pin "HEX4[4]" is stuck at GND File: C:/Users/David Baines/OneDrive/Uni/Fall 2019/ECE241/FinalProject/keyboards/MandelBrotDisplay.v Line: 14
    Warning (13410): Pin "HEX4[5]" is stuck at GND File: C:/Users/David Baines/OneDrive/Uni/Fall 2019/ECE241/FinalProject/keyboards/MandelBrotDisplay.v Line: 14
    Warning (13410): Pin "HEX4[6]" is stuck at GND File: C:/Users/David Baines/OneDrive/Uni/Fall 2019/ECE241/FinalProject/keyboards/MandelBrotDisplay.v Line: 14
    Warning (13410): Pin "HEX2[0]" is stuck at GND File: C:/Users/David Baines/OneDrive/Uni/Fall 2019/ECE241/FinalProject/keyboards/MandelBrotDisplay.v Line: 14
    Warning (13410): Pin "HEX2[1]" is stuck at GND File: C:/Users/David Baines/OneDrive/Uni/Fall 2019/ECE241/FinalProject/keyboards/MandelBrotDisplay.v Line: 14
    Warning (13410): Pin "HEX2[2]" is stuck at GND File: C:/Users/David Baines/OneDrive/Uni/Fall 2019/ECE241/FinalProject/keyboards/MandelBrotDisplay.v Line: 14
    Warning (13410): Pin "HEX2[3]" is stuck at GND File: C:/Users/David Baines/OneDrive/Uni/Fall 2019/ECE241/FinalProject/keyboards/MandelBrotDisplay.v Line: 14
    Warning (13410): Pin "HEX2[4]" is stuck at GND File: C:/Users/David Baines/OneDrive/Uni/Fall 2019/ECE241/FinalProject/keyboards/MandelBrotDisplay.v Line: 14
    Warning (13410): Pin "HEX2[5]" is stuck at GND File: C:/Users/David Baines/OneDrive/Uni/Fall 2019/ECE241/FinalProject/keyboards/MandelBrotDisplay.v Line: 14
    Warning (13410): Pin "HEX2[6]" is stuck at GND File: C:/Users/David Baines/OneDrive/Uni/Fall 2019/ECE241/FinalProject/keyboards/MandelBrotDisplay.v Line: 14
    Warning (13410): Pin "HEX1[0]" is stuck at GND File: C:/Users/David Baines/OneDrive/Uni/Fall 2019/ECE241/FinalProject/keyboards/MandelBrotDisplay.v Line: 14
    Warning (13410): Pin "HEX1[1]" is stuck at GND File: C:/Users/David Baines/OneDrive/Uni/Fall 2019/ECE241/FinalProject/keyboards/MandelBrotDisplay.v Line: 14
    Warning (13410): Pin "HEX1[2]" is stuck at GND File: C:/Users/David Baines/OneDrive/Uni/Fall 2019/ECE241/FinalProject/keyboards/MandelBrotDisplay.v Line: 14
    Warning (13410): Pin "HEX1[3]" is stuck at GND File: C:/Users/David Baines/OneDrive/Uni/Fall 2019/ECE241/FinalProject/keyboards/MandelBrotDisplay.v Line: 14
    Warning (13410): Pin "HEX1[4]" is stuck at GND File: C:/Users/David Baines/OneDrive/Uni/Fall 2019/ECE241/FinalProject/keyboards/MandelBrotDisplay.v Line: 14
    Warning (13410): Pin "HEX1[5]" is stuck at GND File: C:/Users/David Baines/OneDrive/Uni/Fall 2019/ECE241/FinalProject/keyboards/MandelBrotDisplay.v Line: 14
    Warning (13410): Pin "HEX1[6]" is stuck at GND File: C:/Users/David Baines/OneDrive/Uni/Fall 2019/ECE241/FinalProject/keyboards/MandelBrotDisplay.v Line: 14
    Warning (13410): Pin "HEX0[0]" is stuck at GND File: C:/Users/David Baines/OneDrive/Uni/Fall 2019/ECE241/FinalProject/keyboards/MandelBrotDisplay.v Line: 14
    Warning (13410): Pin "HEX0[1]" is stuck at GND File: C:/Users/David Baines/OneDrive/Uni/Fall 2019/ECE241/FinalProject/keyboards/MandelBrotDisplay.v Line: 14
    Warning (13410): Pin "HEX0[2]" is stuck at GND File: C:/Users/David Baines/OneDrive/Uni/Fall 2019/ECE241/FinalProject/keyboards/MandelBrotDisplay.v Line: 14
    Warning (13410): Pin "HEX0[3]" is stuck at GND File: C:/Users/David Baines/OneDrive/Uni/Fall 2019/ECE241/FinalProject/keyboards/MandelBrotDisplay.v Line: 14
    Warning (13410): Pin "HEX0[4]" is stuck at GND File: C:/Users/David Baines/OneDrive/Uni/Fall 2019/ECE241/FinalProject/keyboards/MandelBrotDisplay.v Line: 14
    Warning (13410): Pin "HEX0[5]" is stuck at GND File: C:/Users/David Baines/OneDrive/Uni/Fall 2019/ECE241/FinalProject/keyboards/MandelBrotDisplay.v Line: 14
    Warning (13410): Pin "HEX0[6]" is stuck at GND File: C:/Users/David Baines/OneDrive/Uni/Fall 2019/ECE241/FinalProject/keyboards/MandelBrotDisplay.v Line: 14
    Warning (13410): Pin "LEDR[4]" is stuck at GND File: C:/Users/David Baines/OneDrive/Uni/Fall 2019/ECE241/FinalProject/keyboards/MandelBrotDisplay.v Line: 15
    Warning (13410): Pin "LEDR[5]" is stuck at GND File: C:/Users/David Baines/OneDrive/Uni/Fall 2019/ECE241/FinalProject/keyboards/MandelBrotDisplay.v Line: 15
    Warning (13410): Pin "LEDR[6]" is stuck at GND File: C:/Users/David Baines/OneDrive/Uni/Fall 2019/ECE241/FinalProject/keyboards/MandelBrotDisplay.v Line: 15
    Warning (13410): Pin "LEDR[7]" is stuck at GND File: C:/Users/David Baines/OneDrive/Uni/Fall 2019/ECE241/FinalProject/keyboards/MandelBrotDisplay.v Line: 15
    Warning (13410): Pin "LEDR[8]" is stuck at GND File: C:/Users/David Baines/OneDrive/Uni/Fall 2019/ECE241/FinalProject/keyboards/MandelBrotDisplay.v Line: 15
    Warning (13410): Pin "LEDR[9]" is stuck at GND File: C:/Users/David Baines/OneDrive/Uni/Fall 2019/ECE241/FinalProject/keyboards/MandelBrotDisplay.v Line: 15
Info (286030): Timing-Driven Synthesis is running
Info (17049): 24 registers lost all their fanouts during netlist optimizations.
Info (144001): Generated suppressed messages file C:/Users/David Baines/OneDrive/Uni/Fall 2019/ECE241/FinalProject/keyboards/output_files/MandelBrotDisplay.map.smsg
Info (16010): Generating hard_block partition "hard_block:auto_generated_inst"
    Info (16011): Adding 0 node(s), including 0 DDIO, 0 PLL, 0 transceiver and 0 LCELL
Warning (21074): Design contains 14 input pin(s) that do not drive logic
    Warning (15610): No output dependent on input pin "KEY[0]" File: C:/Users/David Baines/OneDrive/Uni/Fall 2019/ECE241/FinalProject/keyboards/MandelBrotDisplay.v Line: 12
    Warning (15610): No output dependent on input pin "KEY[1]" File: C:/Users/David Baines/OneDrive/Uni/Fall 2019/ECE241/FinalProject/keyboards/MandelBrotDisplay.v Line: 12
    Warning (15610): No output dependent on input pin "KEY[2]" File: C:/Users/David Baines/OneDrive/Uni/Fall 2019/ECE241/FinalProject/keyboards/MandelBrotDisplay.v Line: 12
    Warning (15610): No output dependent on input pin "KEY[3]" File: C:/Users/David Baines/OneDrive/Uni/Fall 2019/ECE241/FinalProject/keyboards/MandelBrotDisplay.v Line: 12
    Warning (15610): No output dependent on input pin "SW[0]" File: C:/Users/David Baines/OneDrive/Uni/Fall 2019/ECE241/FinalProject/keyboards/MandelBrotDisplay.v Line: 13
    Warning (15610): No output dependent on input pin "SW[1]" File: C:/Users/David Baines/OneDrive/Uni/Fall 2019/ECE241/FinalProject/keyboards/MandelBrotDisplay.v Line: 13
    Warning (15610): No output dependent on input pin "SW[2]" File: C:/Users/David Baines/OneDrive/Uni/Fall 2019/ECE241/FinalProject/keyboards/MandelBrotDisplay.v Line: 13
    Warning (15610): No output dependent on input pin "SW[3]" File: C:/Users/David Baines/OneDrive/Uni/Fall 2019/ECE241/FinalProject/keyboards/MandelBrotDisplay.v Line: 13
    Warning (15610): No output dependent on input pin "SW[4]" File: C:/Users/David Baines/OneDrive/Uni/Fall 2019/ECE241/FinalProject/keyboards/MandelBrotDisplay.v Line: 13
    Warning (15610): No output dependent on input pin "SW[5]" File: C:/Users/David Baines/OneDrive/Uni/Fall 2019/ECE241/FinalProject/keyboards/MandelBrotDisplay.v Line: 13
    Warning (15610): No output dependent on input pin "SW[6]" File: C:/Users/David Baines/OneDrive/Uni/Fall 2019/ECE241/FinalProject/keyboards/MandelBrotDisplay.v Line: 13
    Warning (15610): No output dependent on input pin "SW[7]" File: C:/Users/David Baines/OneDrive/Uni/Fall 2019/ECE241/FinalProject/keyboards/MandelBrotDisplay.v Line: 13
    Warning (15610): No output dependent on input pin "SW[8]" File: C:/Users/David Baines/OneDrive/Uni/Fall 2019/ECE241/FinalProject/keyboards/MandelBrotDisplay.v Line: 13
    Warning (15610): No output dependent on input pin "SW[9]" File: C:/Users/David Baines/OneDrive/Uni/Fall 2019/ECE241/FinalProject/keyboards/MandelBrotDisplay.v Line: 13
Info (21057): Implemented 128 device resources after synthesis - the final resource count might be different
    Info (21058): Implemented 15 input pins
    Info (21059): Implemented 52 output pins
    Info (21060): Implemented 2 bidirectional pins
    Info (21061): Implemented 59 logic cells
Info: Quartus Prime Analysis & Synthesis was successful. 0 errors, 73 warnings
    Info: Peak virtual memory: 4894 megabytes
    Info: Processing ended: Mon Nov 25 21:18:26 2019
    Info: Elapsed time: 00:00:09
    Info: Total CPU time (on all processors): 00:00:17


+------------------------------------------+
; Analysis & Synthesis Suppressed Messages ;
+------------------------------------------+
The suppressed messages can be found in C:/Users/David Baines/OneDrive/Uni/Fall 2019/ECE241/FinalProject/keyboards/output_files/MandelBrotDisplay.map.smsg.


